{"name": "test_admin_page", "status": "failed", "statusDetails": {"message": "AssertionError: assert False\n +  where False = is_admin_displayed()\n +    where is_admin_displayed = <pages.admin_page.AdminPage object at 0x107fd7a10>.is_admin_displayed", "trace": "self = <tests.admin_test.TestAdmin object at 0x107ade5d0>\n\n    def test_admin_page(self):\n        login_page = LoginPage(self.driver)\n        login_page.login(\"Admin\", \"admin123\")\n        admin_page = AdminPage(self.driver)\n    \n>       assert admin_page.is_admin_displayed()\nE       assert False\nE        +  where False = is_admin_displayed()\nE        +    where is_admin_displayed = <pages.admin_page.AdminPage object at 0x107fd7a10>.is_admin_displayed\n\ntests/admin_test.py:17: AssertionError"}, "start": 1751550737520, "stop": 1751550742687, "uuid": "bf0d3ba0-c485-45d8-9553-d028b26dacb9", "historyId": "afb03b81bd180e7a71abf82b4a2d597d", "testCaseId": "afb03b81bd180e7a71abf82b4a2d597d", "fullName": "tests.admin_test.TestAdmin#test_admin_page", "labels": [{"name": "parentSuite", "value": "tests"}, {"name": "suite", "value": "admin_test"}, {"name": "subSuite", "value": "TestAdmin"}, {"name": "host", "value": "MacBook-Air-cua-Ho.local"}, {"name": "thread", "value": "22720-MainThread"}, {"name": "framework", "value": "pytest"}, {"name": "language", "value": "cpython3"}, {"name": "package", "value": "tests.admin_test"}]}